# JRE version: Java(TM) SE Runtime Environment (8.0_291-b10) (build 1.8.0_291-b10)
# Java VM: Java HotSpot(TM) 64-Bit Server VM (25.291-b10 mixed mode windows-amd64 compressed oops)
Heap:
 PSYoungGen      total 37888K, used 1920K [0x00000000d6500000, 0x00000000da880000, 0x0000000100000000)
  eden space 32768K, 5% used [0x00000000d6500000,0x00000000d66e00a8,0x00000000d8500000)
  from space 5120K, 0% used [0x00000000d8500000,0x00000000d8500000,0x00000000d8a00000)
  to   space 11264K, 0% used [0x00000000d9d80000,0x00000000d9d80000,0x00000000da880000)
 ParOldGen       total 64512K, used 9787K [0x0000000082e00000, 0x0000000086d00000, 0x00000000d6500000)
  object space 64512K, 15% used [0x0000000082e00000,0x000000008378ec40,0x0000000086d00000)
 Metaspace       used 21780K, capacity 22528K, committed 22784K, reserved 1069056K
  class space    used 2740K, capacity 2964K, committed 3072K, reserved 1048576K
GC Heap History (10 events):
Event: 3.543 GC heap before
{Heap before GC invocations=3 (full 0):
 PSYoungGen      total 37888K, used 37863K [0x00000000d6500000, 0x00000000d8f00000, 0x0000000100000000)
  eden space 32768K, 100% used [0x00000000d6500000,0x00000000d8500000,0x00000000d8500000)
  from space 5120K, 99% used [0x00000000d8a00000,0x00000000d8ef9ed0,0x00000000d8f00000)
  to   space 5120K, 0% used [0x00000000d8500000,0x00000000d8500000,0x00000000d8a00000)
 ParOldGen       total 86016K, used 2799K [0x0000000082e00000, 0x0000000088200000, 0x00000000d6500000)
  object space 86016K, 3% used [0x0000000082e00000,0x00000000830bbf60,0x0000000088200000)
 Metaspace       used 16339K, capacity 16750K, committed 16896K, reserved 1064960K
  class space    used 2113K, capacity 2281K, committed 2304K, reserved 1048576K
Event: 3.559 GC heap after
Heap after GC invocations=3 (full 0):
 PSYoungGen      total 37888K, used 5104K [0x00000000d6500000, 0x00000000d8f00000, 0x0000000100000000)
  eden space 32768K, 0% used [0x00000000d6500000,0x00000000d6500000,0x00000000d8500000)
  from space 5120K, 99% used [0x00000000d8500000,0x00000000d89fc040,0x00000000d8a00000)
  to   space 5120K, 0% used [0x00000000d8a00000,0x00000000d8a00000,0x00000000d8f00000)
 ParOldGen       total 86016K, used 5903K [0x0000000082e00000, 0x0000000088200000, 0x00000000d6500000)
  object space 86016K, 6% used [0x0000000082e00000,0x00000000833c3ef8,0x0000000088200000)
 Metaspace       used 16339K, capacity 16750K, committed 16896K, reserved 1064960K
  class space    used 2113K, capacity 2281K, committed 2304K, reserved 1048576K
}
Event: 4.965 GC heap before
{Heap before GC invocations=4 (full 0):
 PSYoungGen      total 37888K, used 32851K [0x00000000d6500000, 0x00000000d8f00000, 0x0000000100000000)
  eden space 32768K, 84% used [0x00000000d6500000,0x00000000d8018d58,0x00000000d8500000)
  from space 5120K, 99% used [0x00000000d8500000,0x00000000d89fc040,0x00000000d8a00000)
  to   space 5120K, 0% used [0x00000000d8a00000,0x00000000d8a00000,0x00000000d8f00000)
 ParOldGen       total 86016K, used 5903K [0x0000000082e00000, 0x0000000088200000, 0x00000000d6500000)
  object space 86016K, 6% used [0x0000000082e00000,0x00000000833c3ef8,0x0000000088200000)
 Metaspace       used 20531K, capacity 21218K, committed 21248K, reserved 1067008K
  class space    used 2585K, capacity 2792K, committed 2816K, reserved 1048576K
Event: 4.993 GC heap after
Heap after GC invocations=4 (full 0):
 PSYoungGen      total 37888K, used 5104K [0x00000000d6500000, 0x00000000daf00000, 0x0000000100000000)
  eden space 32768K, 0% used [0x00000000d6500000,0x00000000d6500000,0x00000000d8500000)
  from space 5120K, 99% used [0x00000000d8a00000,0x00000000d8efc060,0x00000000d8f00000)
  to   space 5120K, 0% used [0x00000000d8500000,0x00000000d8500000,0x00000000d8a00000)
 ParOldGen       total 86016K, used 9803K [0x0000000082e00000, 0x0000000088200000, 0x00000000d6500000)
  object space 86016K, 11% used [0x0000000082e00000,0x0000000083792ed8,0x0000000088200000)
 Metaspace       used 20531K, capacity 21218K, committed 21248K, reserved 1067008K
  class space    used 2585K, capacity 2792K, committed 2816K, reserved 1048576K
}
Event: 4.993 GC heap before
{Heap before GC invocations=5 (full 1):
 PSYoungGen      total 37888K, used 5104K [0x00000000d6500000, 0x00000000daf00000, 0x0000000100000000)
  eden space 32768K, 0% used [0x00000000d6500000,0x00000000d6500000,0x00000000d8500000)
  from space 5120K, 99% used [0x00000000d8a00000,0x00000000d8efc060,0x00000000d8f00000)
  to   space 5120K, 0% used [0x00000000d8500000,0x00000000d8500000,0x00000000d8a00000)
 ParOldGen       total 86016K, used 9803K [0x0000000082e00000, 0x0000000088200000, 0x00000000d6500000)
  object space 86016K, 11% used [0x0000000082e00000,0x0000000083792ed8,0x0000000088200000)
 Metaspace       used 20531K, capacity 21218K, committed 21248K, reserved 1067008K
  class space    used 2585K, capacity 2792K, committed 2816K, reserved 1048576K
Event: 5.066 GC heap after
Heap after GC invocations=5 (full 1):
 PSYoungGen      total 37888K, used 0K [0x00000000d6500000, 0x00000000daf00000, 0x0000000100000000)
  eden space 32768K, 0% used [0x00000000d6500000,0x00000000d6500000,0x00000000d8500000)
  from space 5120K, 0% used [0x00000000d8a00000,0x00000000d8a00000,0x00000000d8f00000)
  to   space 5120K, 0% used [0x00000000d8500000,0x00000000d8500000,0x00000000d8a00000)
 ParOldGen       total 64512K, used 8918K [0x0000000082e00000, 0x0000000086d00000, 0x00000000d6500000)
  object space 64512K, 13% used [0x0000000082e00000,0x00000000836b5838,0x0000000086d00000)
 Metaspace       used 20531K, capacity 21218K, committed 21248K, reserved 1067008K
  class space    used 2585K, capacity 2792K, committed 2816K, reserved 1048576K
}
Event: 8.159 GC heap before
{Heap before GC invocations=6 (full 1):
 PSYoungGen      total 37888K, used 13700K [0x00000000d6500000, 0x00000000daf00000, 0x0000000100000000)
  eden space 32768K, 41% used [0x00000000d6500000,0x00000000d72613f8,0x00000000d8500000)
  from space 5120K, 0% used [0x00000000d8a00000,0x00000000d8a00000,0x00000000d8f00000)
  to   space 5120K, 0% used [0x00000000d8500000,0x00000000d8500000,0x00000000d8a00000)
 ParOldGen       total 64512K, used 8918K [0x0000000082e00000, 0x0000000086d00000, 0x00000000d6500000)
  object space 64512K, 13% used [0x0000000082e00000,0x00000000836b5838,0x0000000086d00000)
 Metaspace       used 21624K, capacity 22298K, committed 22400K, reserved 1069056K
  class space    used 2711K, capacity 2931K, committed 2944K, reserved 1048576K
Event: 8.168 GC heap after
Heap after GC invocations=6 (full 1):
 PSYoungGen      total 37888K, used 2477K [0x00000000d6500000, 0x00000000da880000, 0x0000000100000000)
  eden space 32768K, 0% used [0x00000000d6500000,0x00000000d6500000,0x00000000d8500000)
  from space 5120K, 48% used [0x00000000d8500000,0x00000000d876b458,0x00000000d8a00000)
  to   space 11264K, 0% used [0x00000000d9d80000,0x00000000d9d80000,0x00000000da880000)
 ParOldGen       total 64512K, used 8918K [0x0000000082e00000, 0x0000000086d00000, 0x00000000d6500000)
  object space 64512K, 13% used [0x0000000082e00000,0x00000000836b5838,0x0000000086d00000)
 Metaspace       used 21624K, capacity 22298K, committed 22400K, reserved 1069056K
  class space    used 2711K, capacity 2931K, committed 2944K, reserved 1048576K
}
Event: 8.168 GC heap before
{Heap before GC invocations=7 (full 2):
 PSYoungGen      total 37888K, used 2477K [0x00000000d6500000, 0x00000000da880000, 0x0000000100000000)
  eden space 32768K, 0% used [0x00000000d6500000,0x00000000d6500000,0x00000000d8500000)
  from space 5120K, 48% used [0x00000000d8500000,0x00000000d876b458,0x00000000d8a00000)
  to   space 11264K, 0% used [0x00000000d9d80000,0x00000000d9d80000,0x00000000da880000)
 ParOldGen       total 64512K, used 8918K [0x0000000082e00000, 0x0000000086d00000, 0x00000000d6500000)
  object space 64512K, 13% used [0x0000000082e00000,0x00000000836b5838,0x0000000086d00000)
 Metaspace       used 21624K, capacity 22298K, committed 22400K, reserved 1069056K
  class space    used 2711K, capacity 2931K, committed 2944K, reserved 1048576K
Event: 8.219 GC heap after
Heap after GC invocations=7 (full 2):
 PSYoungGen      total 37888K, used 0K [0x00000000d6500000, 0x00000000da880000, 0x0000000100000000)
  eden space 32768K, 0% used [0x00000000d6500000,0x00000000d6500000,0x00000000d8500000)
  from space 5120K, 0% used [0x00000000d8500000,0x00000000d8500000,0x00000000d8a00000)
  to   space 11264K, 0% used [0x00000000d9d80000,0x00000000d9d80000,0x00000000da880000)
 ParOldGen       total 64512K, used 9787K [0x0000000082e00000, 0x0000000086d00000, 0x00000000d6500000)
  object space 64512K, 15% used [0x0000000082e00000,0x000000008378ec40,0x0000000086d00000)
 Metaspace       used 21624K, capacity 22298K, committed 22400K, reserved 1069056K
  class space    used 2711K, capacity 2931K, committed 2944K, reserved 1048576K
}

